<?xml version="1.0" encoding="UTF-8"?>
<!-- Generated by org.testng.reporters.JUnitReportReporter -->
<testsuite hostname="DESKTOP-K29NKHA" failures="0" tests="1" name="Scripts.Testcase" time="10.070" errors="0" timestamp="2022-04-30T18:33:29 IST" skipped="0">
  <testcase classname="Scripts.Testcase" name="tc1" time="10.070"/>
  <system-out/>
</testsuite> <!-- Scripts.Testcase -->
