<?xml version="1.0" encoding="UTF-8"?>
<!-- Generated by org.testng.reporters.JUnitReportReporter -->
<testsuite hostname="DESKTOP-K29NKHA" failures="0" tests="1" name="Scripts.Testcase2" time="10.215" errors="0" timestamp="2022-05-02T18:50:27 IST" skipped="0">
  <testcase classname="Scripts.Testcase2" name="tc2" time="10.215"/>
  <system-out/>
</testsuite> <!-- Scripts.Testcase2 -->
